[35m[Appium][39m Welcome to Appium v1.22.3
[35m[Appium][39m Non-default server args:
[35m[Appium][39m   port: 56092
[35m[Appium][39m   loglevel: info
[35m[Appium][39m   tmpDir: C:\Users\Acer\AppData\Local\Temp\\Katalon\Appium\Temp1682651440568
[35m[Appium][39m   chromedriverPort: 56093
[35m[Appium][39m Deprecated server args:
[35m[Appium][39m   [31m--chromedriver-port[39m => --default-capabilities
[35m[Appium][39m Default capabilities, which will be added to each request unless overridden by desired capabilities:
[35m[Appium][39m   chromedriverPort: 56093
[35m[Appium][39m Appium REST http interface listener started on 0.0.0.0:56092
[35m[HTTP][39m [37m-->[39m [37mGET[39m [37m/wd/hub/status[39m
[35m[HTTP][39m [90m{}[39m
[35m[HTTP][39m [37m<-- GET /wd/hub/status [39m[32m200[39m [90m13 ms - 68[39m
[35m[HTTP][39m [90m[39m
[35m[HTTP][39m [37m-->[39m [37mGET[39m [37m/wd/hub/status[39m
[35m[HTTP][39m [90m{}[39m
[35m[HTTP][39m [37m<-- GET /wd/hub/status [39m[32m200[39m [90m1 ms - 68[39m
[35m[HTTP][39m [90m[39m
[35m[HTTP][39m [37m-->[39m [37mPOST[39m [37m/wd/hub/session[39m
[35m[HTTP][39m [90m{"desiredCapabilities":{"app":"C:\\Users\\Acer\\Documents\\UDUAPP\\Calculator_v8.1 .apk","noReset":true,"deviceName":"INFINIX MOBILITY LIMITED Infinix X657C (Android 10)","fullReset":false,"platform":"ANDROID","newCommandTimeout":1800,"platformVersion":"10","automationName":"uiautomator2","autoGrantPermissions":true,"platformName":"Android","udid":"05791370BM100304","systemPort":56099},"capabilities":{"firstMatch":[{"appium:app":"C:\\Users\\Acer\\Documents\\UDUAPP\\Calculator_v8.1 .apk","appium:autoGrantPermissions":true,"appium:automationName":"uiautomator2","appium:deviceName":"INFINIX MOBILITY LIMITED Infinix X657C (Android 10)","appium:fullReset":false,"appium:newCommandTimeout":1800,"appium:noReset":true,"platform":"ANDROID","platformName":"android","appium:platformVersion":"10","appium:systemPort":56099,"appium:udid":"05791370BM100304"}]}}[39m
[35m[BaseDriver][39m The following capabilities are not standard capabilities and should have an extension prefix:
[35m[BaseDriver][39m   platform
[35m[BaseDriver][39m   chromedriverPort
[35m[Appium][39m Appium v1.22.3 creating new AndroidUiautomator2Driver (v1.70.1) session
[35m[BaseDriver][39m The following capabilities were provided, but are not recognized by Appium:
[35m[BaseDriver][39m   platform
[35m[BaseDriver][39m Session created with session id: 00f4d3e7-08f7-4346-b7a8-d8331dafdb0d
[35m[BaseDriver][39m Using local app 'C:\Users\Acer\Documents\UDUAPP\Calculator_v8.1 .apk'
[35m[ADB][39m Found 1 'build-tools' folders under 'C:\Users\Acer\.katalon\tools\android_sdk' (newest first):
[35m[ADB][39m     C:/Users/Acer/.katalon/tools/android_sdk/build-tools/29.0.3
[35m[ADB][39m Using 'adb.exe' from 'C:\Users\Acer\.katalon\tools\android_sdk\platform-tools\adb.exe'
[35m[AndroidDriver][39m Retrieving device list
[35m[AndroidDriver][39m Using device: 05791370BM100304
[35m[ADB][39m Using 'adb.exe' from 'C:\Users\Acer\.katalon\tools\android_sdk\platform-tools\adb.exe'
[35m[ADB][39m Getting device platform version
[35m[UiAutomator2][39m Relaxing hidden api policy
[35m[ADB][39m Package name: 'com.google.android.calculator'
[35m[ADB][39m Main activity name: 'com.android.calculator2.Calculator'
[35m[ADB][39m Using 'apksigner.jar' from 'C:\Users\Acer\.katalon\tools\android_sdk\build-tools\29.0.3\lib\apksigner.jar'
[35m[ADB][39m 'C:\Users\Acer\AppData\Roaming\npm\node_modules\appium\node_modules\appium-uiautomator2-server\apks\appium-uiautomator2-server-v4.27.0.apk' is signed with the default certificate
[35m[ADB][39m 'C:\Users\Acer\AppData\Roaming\npm\node_modules\appium\node_modules\appium-uiautomator2-server\apks\appium-uiautomator2-server-debug-androidTest.apk' is signed with the default certificate
[35m[UiAutomator2][39m Server packages are not going to be (re)installed
[35m[ADB][39m Adding packages ["io.appium.settings","io.appium.uiautomator2.server","io.appium.uiautomator2.server.test"] to Doze whitelist
[35m[ADB][39m 'C:\Users\Acer\Documents\UDUAPP\Calculator_v8.1 .apk' is signed with a non-default certificate
[35m[ADB][39m The application at 'C:\Users\Acer\Documents\UDUAPP\Calculator_v8.1 .apk' will not be cached, because the device under test has confirmed the support of streamed installs
[35m[ADB][39m The installation of 'Calculator_v8.1 .apk' took 10242ms
[35m[UiAutomator2][39m Starting UIAutomator2 server 4.27.0
[35m[UiAutomator2][39m Using UIAutomator2 server from 'C:\Users\Acer\AppData\Roaming\npm\node_modules\appium\node_modules\appium-uiautomator2-server\apks\appium-uiautomator2-server-v4.27.0.apk' and test from 'C:\Users\Acer\AppData\Roaming\npm\node_modules\appium\node_modules\appium-uiautomator2-server\apks\appium-uiautomator2-server-debug-androidTest.apk'
[35m[UiAutomator2][39m Waiting up to 30000ms for UiAutomator2 to be online...
[35m[WD Proxy][39m socket hang up
[35m[WD Proxy][39m socket hang up
[35m[WD Proxy][39m socket hang up
[35m[WD Proxy][39m socket hang up
[35m[WD Proxy][39m socket hang up
[35m[WD Proxy][39m socket hang up
[35m[WD Proxy][39m socket hang up
[35m[WD Proxy][39m Determined the downstream protocol as 'W3C'
[35m[AndroidDriver][39m Screen already unlocked, doing nothing
[35m[UiAutomator2][39m Starting 'com.google.android.calculator/com.android.calculator2.Calculator and waiting for 'com.google.android.calculator/com.android.calculator2.Calculator'
[35m[Appium][39m New AndroidUiautomator2Driver session created successfully, session 00f4d3e7-08f7-4346-b7a8-d8331dafdb0d added to master session list
[35m[HTTP][39m [37m<-- POST /wd/hub/session [39m[32m200[39m [90m31181 ms - 1335[39m
[35m[HTTP][39m [90m[39m
[35m[HTTP][39m [37m-->[39m [37mGET[39m [37m/wd/hub/session/00f4d3e7-08f7-4346-b7a8-d8331dafdb0d[39m
[35m[HTTP][39m [90m{}[39m
[35m[HTTP][39m [37m<-- GET /wd/hub/session/00f4d3e7-08f7-4346-b7a8-d8331dafdb0d [39m[32m200[39m [90m51 ms - 1289[39m
[35m[HTTP][39m [90m[39m
[35m[HTTP][39m [37m-->[39m [37mGET[39m [37m/wd/hub/session/00f4d3e7-08f7-4346-b7a8-d8331dafdb0d[39m
[35m[HTTP][39m [90m{}[39m
[35m[HTTP][39m [37m<-- GET /wd/hub/session/00f4d3e7-08f7-4346-b7a8-d8331dafdb0d [39m[32m200[39m [90m56 ms - 1289[39m
[35m[HTTP][39m [90m[39m
[35m[HTTP][39m [37m-->[39m [37mGET[39m [37m/wd/hub/status[39m
[35m[HTTP][39m [90m{}[39m
[35m[HTTP][39m [37m<-- GET /wd/hub/status [39m[32m200[39m [90m6 ms - 68[39m
[35m[HTTP][39m [90m[39m
[35m[HTTP][39m [37m-->[39m [37mPOST[39m [37m/wd/hub/session/00f4d3e7-08f7-4346-b7a8-d8331dafdb0d/timeouts[39m
[35m[HTTP][39m [90m{"implicit":60000}[39m
[35m[HTTP][39m [37m<-- POST /wd/hub/session/00f4d3e7-08f7-4346-b7a8-d8331dafdb0d/timeouts [39m[32m200[39m [90m10 ms - 14[39m
[35m[HTTP][39m [90m[39m
[35m[HTTP][39m [37m-->[39m [37mGET[39m [37m/wd/hub/session/00f4d3e7-08f7-4346-b7a8-d8331dafdb0d/source[39m
[35m[HTTP][39m [90m{}[39m
[35m[W3C (00f4d3e7)][39m Driver proxy active, passing request on via HTTP proxy
[35m[WD Proxy][39m Replacing sessionId 8552d11f-a34d-4925-b1b3-cdfa12bdf07c with 00f4d3e7-08f7-4346-b7a8-d8331dafdb0d
[35m[HTTP][39m [37m<-- GET /wd/hub/session/00f4d3e7-08f7-4346-b7a8-d8331dafdb0d/source [39m[32m200[39m [90m1952 ms - 19668[39m
[35m[HTTP][39m [90m[39m
[35m[HTTP][39m [37m-->[39m [37mGET[39m [37m/wd/hub/session/00f4d3e7-08f7-4346-b7a8-d8331dafdb0d/screenshot[39m
[35m[HTTP][39m [90m{}[39m
[35m[HTTP][39m [37m<-- GET /wd/hub/session/00f4d3e7-08f7-4346-b7a8-d8331dafdb0d/screenshot [39m[32m200[39m [90m1176 ms - 98822[39m
[35m[HTTP][39m [90m[39m
[35m[HTTP][39m [37m-->[39m [37mPOST[39m [37m/wd/hub/session/00f4d3e7-08f7-4346-b7a8-d8331dafdb0d/elements[39m
[35m[HTTP][39m [90m{"using":"xpath","value":"//*[@class = 'android.widget.Button' and (@text = '7' or . = '7') and @resource-id = 'com.google.android.calculator:id/digit_7']"}[39m
[35m[HTTP][39m [37m<-- POST /wd/hub/session/00f4d3e7-08f7-4346-b7a8-d8331dafdb0d/elements [39m[32m200[39m [90m1868 ms - 139[39m
[35m[HTTP][39m [90m[39m
[35m[HTTP][39m [37m-->[39m [37mGET[39m [37m/wd/hub/session/00f4d3e7-08f7-4346-b7a8-d8331dafdb0d/window/rect[39m
[35m[HTTP][39m [90m{}[39m
[35m[HTTP][39m [37m<-- GET /wd/hub/session/00f4d3e7-08f7-4346-b7a8-d8331dafdb0d/window/rect [39m[32m200[39m [90m32 ms - 49[39m
[35m[HTTP][39m [90m[39m
[35m[HTTP][39m [37m-->[39m [37mPOST[39m [37m/wd/hub/session/00f4d3e7-08f7-4346-b7a8-d8331dafdb0d/elements[39m
[35m[HTTP][39m [90m{"using":"xpath","value":"//*[@class = 'android.widget.Button' and (@text = '7' or . = '7') and @resource-id = 'com.google.android.calculator:id/digit_7']"}[39m
[35m[HTTP][39m [37m<-- POST /wd/hub/session/00f4d3e7-08f7-4346-b7a8-d8331dafdb0d/elements [39m[32m200[39m [90m455 ms - 139[39m
[35m[HTTP][39m [90m[39m
[35m[HTTP][39m [37m-->[39m [37mGET[39m [37m/wd/hub/session/00f4d3e7-08f7-4346-b7a8-d8331dafdb0d/element/00000000-0000-022d-ffff-ffff00000059/location[39m
[35m[HTTP][39m [90m{}[39m
[35m[W3C (00f4d3e7)][39m Driver proxy active, passing request on via HTTP proxy
[35m[WD Proxy][39m Replacing sessionId 8552d11f-a34d-4925-b1b3-cdfa12bdf07c with 00f4d3e7-08f7-4346-b7a8-d8331dafdb0d
[35m[HTTP][39m [37m<-- GET /wd/hub/session/00f4d3e7-08f7-4346-b7a8-d8331dafdb0d/element/00000000-0000-022d-ffff-ffff00000059/location [39m[32m200[39m [90m35 ms - 77[39m
[35m[HTTP][39m [90m[39m
[35m[HTTP][39m [37m-->[39m [37mPOST[39m [37m/wd/hub/session/00f4d3e7-08f7-4346-b7a8-d8331dafdb0d/element/00000000-0000-022d-ffff-ffff00000059/click[39m
[35m[HTTP][39m [90m{"id":"00000000-0000-022d-ffff-ffff00000059"}[39m
[35m[HTTP][39m [37m<-- POST /wd/hub/session/00f4d3e7-08f7-4346-b7a8-d8331dafdb0d/element/00000000-0000-022d-ffff-ffff00000059/click [39m[32m200[39m [90m1427 ms - 14[39m
[35m[HTTP][39m [90m[39m
[35m[HTTP][39m [37m-->[39m [37mGET[39m [37m/wd/hub/session/00f4d3e7-08f7-4346-b7a8-d8331dafdb0d/source[3[35m[BaseDriver][39m Shutting down because we waited 1800 seconds for a command
[35m[Appium][39m Closing session, cause was 'New Command Timeout of 1800 seconds expired. Try customizing the timeout using the 'newCommandTimeout' desired capability'
[35m[Appium][39m Removing session 'b0065755-f260-45e7-8603-eab2f23db5ae' from our master session list
[35m[UiAutomator2][39m Did not get confirmation UiAutomator2 deleteSession worked; Error was: UnknownError: An unknown server-side error occurred while processing the command. Original error: 'DELETE /' cannot be proxied to UiAutomator2 server because the instrumentation process is not running (probably crashed). Check the server log and/or the logcat output for more details
[35m[UiAutomator2][39m Restoring hidden api policy to the device default configuration
ents[39m
[35m[HTTP][39m [90m{"using":"xpath","value":"//*[@class = 'android.widget.Button' and (@text = 'ร' or . = 'ร') and @resource-id = 'com.google.android.calculator:id/op_mul']"}[39m
[35m[HTTP][39m [37m<-- POST /wd/hub/session/00f4d3e7-08f7-4346-b7a8-d8331dafdb0d/elements [39m[32m200[39m [90m695 ms - 139[39m
[35m[HTTP][39m [90m[39m
[35m[HTTP][39m [37m-->[39m [37mGET[39m [37m/wd/hub/session/00f4d3e7-08f7-4346-b7a8-d8331dafdb0d/window/rect[39m
[35m[HTTP][39m [90m{}[39m
[35m[HTTP][39m [37m<-- GET /wd/hub/session/00f4d3e7-08f7-4346-b7a8-d8331dafdb0d/window/rect [39m[32m200[39m [90m69 ms - 49[39m
[35m[HTTP][39m [90m[39m
[35m[HTTP][39m [37m-->[39m [37mPOST[39m [37m/wd/hub/session/00f4d3e7-08f7-4346-b7a8-d8331dafdb0d/elements[39m
[35m[HTTP][39m [90m{"using":"xpath","value":"//*[@class = 'android.widget.Button' and (@text = 'ร' or . = 'ร') and @resource-id = 'com.google.android.calculator:id/op_mul']"}[39m
[35m[HTTP][39m [37m<-- POST /wd/hub/session/00f4d3e7-08f7-4346-b7a8-d8331dafdb0d/elements [39m[32m200[39m [90m328 ms - 139[39m
[35m[HTTP][39m [90m[39m
[35m[HTTP][39m [37m-->[39m [37mGET[39m [37m/wd/hub/session/00f4d3e7-08f7-4346-b7a8-d8331dafdb0d/element/00000000-0000-022d-ffff-ffff0000005c/location[39m
[35m[HTTP][39m [90m{}[39m
[35m[W3C (00f4d3e7)][39m Driver proxy active, passing request on via HTTP proxy
[35m[WD Proxy][39m Replacing sessionId 8552d11f-a34d-4925-b1b3-cdfa12bdf07c with 00f4d3e7-08f7-4346-b7a8-d8331dafdb0d
[35m[HTTP][39m [37m<-- GET /wd/hub/session/00f4d3e7-08f7-4346-b7a8-d8331dafdb0d/element/00000000-0000-022d-ffff-ffff0000005c/location [39m[32m200[39m [90m55 ms - 78[39m
[35m[HTTP][39m [90m[39m
[35m[HTTP][39m [37m-->[39m [37mPOST[39m [37m/wd/hub/session/00f4d3e7-08f7-4346-b7a8-d8331dafdb0d/element/00000000-0000-022d-ffff-ffff0000005c/click[39m
[35m[HTTP][39m [90m{"id":"00000000-0000-022d-ffff-ffff0000005c"}[39m
[35m[HTTP][39m [37m<-- POST /wd/hub/session/00f4d3e7-08f7-4346-b7a8-d8331dafdb0d/element/00000000-0000-022d-ffff-ffff0000005c/click [39m[32m200[39m [90m1382 ms - 14[39m
[35m[HTTP][39m [90m[39m
[35m[HTTP][39m [37m-->[39m [37mGET[39m [37m/wd/hub/session/00f4d3e7-08f7-4346-b7a8-d8331dafdb0d/source[39m
[35m[HTTP][39m [90m{}[39m
[35m[W3C (00f4d3e7)][39m Driver proxy active, passing request on via HTTP proxy
[35m[WD Proxy][39m Replacing sessionId 8552d11f-a34d-4925-b1b3-cdfa12bdf07c with 00f4d3e7-08f7-4346-b7a8-d8331dafdb0d
[35m[HTTP][39m [37m<-- GET /wd/hub/session/00f4d3e7-08f7-4346-b7a8-d8331dafdb0d/source [39m[32m200[39m [90m351 ms - 19636[39m
[35m[HTTP][39m [90m[39m
[35m[HTTP][39m [37m-->[39m [37mGET[39m [37m/wd/hub/session/00f4d3e7-08f7-4346-b7a8-d8331dafdb0d/screenshot[39m
[35m[HTTP][39m [90m{}[39m
[35m[HTTP][39m [37m<-- GET /wd/hub/session/00f4d3e7-08f7-4346-b7a8-d8331dafdb0d/screenshot [39m[32m200[39m [90m865 ms - 101996[39m
[35m[HTTP][39m [90m[39m
[35m[HTTP][39m [37m-->[39m [37mPOST[39m [37m/wd/hub/session/00f4d3e7-08f7-4346-b7a8-d8331dafdb0d/elements[39m
[35m[HTTP][39m [90m{"using":"xpath","value":"//*[@class = 'android.widget.Button' and (@text = '8' or . = '8') and @resource-id = 'com.google.android.calculator:id/digit_8']"}[39m
[35m[HTTP][39m [37m<-- POST /wd/hub/session/00f4d3e7-08f7-4346-b7a8-d8331dafdb0d/elements [39m[32m200[39m [90m247 ms - 139[39m
[35m[HTTP][39m [90m[39m
[35m[HTTP][39m [37m-->[39m [37mGET[39m [37m/wd/hub/session/00f4d3e7-08f7-4346-b7a8-d8331dafdb0d/window/rect[39m
[35m[HTTP][39m [90m{}[39m
[35m[HTTP][39m [37m<-- GET /wd/hub/session/00f4d3e7-08f7-4346-b7a8-d8331dafdb0d/window/rect [39m[32m200[39m [90m51 ms - 49[39m
[35m[HTTP][39m [90m[39m
[35m[HTTP][39m [37m-->[39m [37mPOST[39m [37m/wd/hub/session/00f4d3e7-08f7-4346-b7a8-d8331dafdb0d/elements[39m
[35m[HTTP][39m [90m{"using":"xpath","value":"//*[@class = 'android.widget.Button' and (@text = '8' or . = '8') and @resource-id = 'com.google.android.calculator:id/digit_8']"}[39m
[35m[HTTP][39m [37m<-- POST /wd/hub/session/00f4d3e7-08f7-4346-b7a8-d8331dafdb0d/elements [39m[32m200[39m [90m1235 ms - 139[39m
[35m[HTTP][39m [90m[39m
[35m[HTTP][39m [37m-->[39m [37mGET[39m [37m/wd/hub/session/00f4d3e7-08f7-4346-b7a8-d8331dafdb0d/element/00000000-0000-022d-ffff-ffff0000005a/location[39m
[35m[HTTP][39m [90m{}[39m
[35m[W3C (00f4d3e7)][39m Driver proxy active, passing request on via HTTP proxy
[35m[WD Proxy][39m Replacing sessionId 8552d11f-a34d-4925-b1b3-cdfa12bdf07c with 00f4d3e7-08f7-4346-b7a8-d8331dafdb0d
[35m[HTTP][39m [37m<-- GET /wd/hub/session/00f4d3e7-08f7-4346-b7a8-d8331dafdb0d/element/00000000-0000-022d-ffff-ffff0000005a/location [39m[32m200[39m [90m42 ms - 78[39m
[35m[HTTP][39m [90m[39m
[35m[HTTP][39m [37m-->[39m [37mPOST[39m [37m/wd/hub/session/00f4d3e7-08f7-4346-b7a8-d8331dafdb0d/element/00000000-0000-022d-ffff-ffff0000005a/click[39m
[35m[HTTP][39m [90m{"id":"00000000-0000-022d-ffff-ffff0000005a"}[39m
[35m[HTTP][39m [37m<-- POST /wd/hub/session/00f4d3e7-08f7-4346-b7a8-d8331dafdb0d/element/00000000-0000-022d-ffff-ffff0000005a/click [39m[32m200[39m [90m675 ms - 14[39m
[35m[HTTP][39m [90m[39m
[35m[HTTP][39m [37m-->[39m [37mGET[39m [37m/wd/hub/session/00f4d3e7-08f7-4346-b7a8-d8331dafdb0d/source[39m
[35m[HTTP][39m [90m{}[39m
[35m[W3C (00f4d3e7)][39m Driver proxy active, passing request on via HTTP proxy
[35m[WD Proxy][39m Replacing sessionId 8552d11f-a34d-4925-b1b3-cdfa12bdf07c with 00f4d3e7-08f7-4346-b7a8-d8331dafdb0d
[35m[HTTP][39m [37m<-- GET /wd/hub/session/00f4d3e7-08f7-4346-b7a8-d8331dafdb0d/source [39m[32m200[39m [90m1073 ms - 19605[39m
[35m[HTTP][39m [90m[39m
[35m[HTTP][39m [37m-->[39m [37mGET[39m [37m/wd/hub/session/00f4d3e7-08f7-4346-b7a8-d8331dafdb0d/screenshot[39m
[35m[HTTP][39m [90m{}[39m
[35m[HTTP][39m [37m<-- GET /wd/hub/session/00f4d3e7-08f7-4346-b7a8-d8331dafdb0d/screenshot [39m[32m200[39m [90m816 ms - 111544[39m
[35m[HTTP][39m [90m[39m
[35m[HTTP][39m [37m-->[39m [37mPOST[39m [37m/wd/hub/session/00f4d3e7-08f7-4346-b7a8-d8331dafdb0d/elements[39m
[35m[HTTP][39m [90m{"using":"xpath","value":"//*[@class = 'android.widget.Button' and (@text = '=' or . = '=') and @resource-id = 'com.google.android.calculator:id/eq']"}[39m
[35m[HTTP][39m [37m<-- POST /wd/hub/session/00f4d3e7-08f7-4346-b7a8-d8331dafdb0d/elements [39m[32m200[39m [90m250 ms - 139[39m
[35m[HTTP][39m [90m[39m
[35m[HTTP][39m [37m-->[39m [37mGET[39m [37m/wd/hub/session/00f4d3e7-08f7-4346-b7a8-d8331dafdb0d/window/rect[39m
[35m[HTTP][39m [90m{}[39m
[35m[HTTP][39m [37m<-- GET /wd/hub/session/00f4d3e7-08f7-4346-b7a8-d8331dafdb0d/window/rect [39m[32m200[39m [90m38 ms - 49[39m
[35m[HTTP][39m [90m[39m
[35m[HTTP][39m [37m-->[39m [37mPOST[39m [37m/wd/hub/session/00f4d3e7-08f7-4346-b7a8-d8331dafdb0d/elements[39m
[35m[HTTP][39m [90m{"using":"xpath","value":"//*[@class = 'android.widget.Button' and (@text = '=' or . = '=') and @resource-id = 'com.google.android.calculator:id/eq']"}[39m
[35m[HTTP][39m [37m<-- POST /wd/hub/session/00f4d3e7-08f7-4346-b7a8-d8331dafdb0d/elements [39m[32m200[39m [90m830 ms - 139[39m
[35m[HTTP][39m [90m[39m
[35m[HTTP][39m [37m-->[39m [37mGET[39m [37m/wd/hub/session/00f4d3e7-08f7-4346-b7a8-d8331dafdb0d/element/00000000-0000-022d-ffff-ffff00000068/location[39m
[35m[HTTP][39m [90m{}[39m
[35m[W3C (00f4d3e7)][39m Driver proxy active, passing request on via HTTP proxy
[35m[WD Proxy][39m Replacing sessionId 8552d11f-a34d-4925-b1b3-cdfa12bdf07c with 00f4d3e7-08f7-4346-b7a8-d8331dafdb0d
[35m[HTTP][39m [37m<-- GET /wd/hub/session/00f4d3e7-08f7-4346-b7a8-d8331dafdb0d/element/00000000-0000-022d-ffff-ffff00000068/location [39m[32m200[39m [90m39 ms - 79[39m
[35m[HTTP][39m [90m[39m
[35m[HTTP][39m [37m-->[39m [37mPOST[39m [37m/wd/hub/session/00f4d3e7-08f7-4346-b7a8-d8331dafdb0d/element/00000000-0000-022d-ffff-ffff00000068/click[39m
[35m[HTTP][39m [90m{"id":"00000000-0000-022d-ffff-ffff00000068"}[39m
[35m[HTTP][39m [37m<-- POST /wd/hub/session/00f4d3e7-08f7-4346-b7a8-d8331dafdb0d/element/00000000-0000-022d-ffff-ffff00000068/click [39m[32m200[39m [90m1011 ms - 14[39m
[35m[HTTP][39m [90m[39m
[35m[HTTP][39m [37m-->[39m [37mGET[39m [37m/wd/hub/session/00f4d3e7-08f7-4346-b7a8-d8331dafdb0d/source[39m
[35m[HTTP][39m [90m{}[39m
[35m[W3C (00f4d3e7)][39m Driver proxy active, passing request on via HTTP proxy
[35m[WD Proxy][39m Replacing sessionId 8552d11f-a34d-4925-b1b3-cdfa12bdf07c with 00f4d3e7-08f7-4346-b7a8-d8331dafdb0d
[35m[HTTP][39m [37m<-- GET /wd/hub/session/00f4d3e7-08f7-4346-b7a8-d8331dafdb0d/source [39m[32m200[39m [90m861 ms - 18564[39m
[35m[HTTP][39m [90m[39m
[35m[HTTP][39m [37m-->[39m [37mGET[39m [37m/wd/hub/session/00f4d3e7-08f7-4346-b7a8-d8331dafdb0d/screenshot[39m
[35m[HTTP][39m [90m{}[39m
[35m[HTTP][39m [37m<-- GET /wd/hub/session/00f4d3e7-08f7-4346-b7a8-d8331dafdb0d/screenshot [39m[32m200[39m [90m837 ms - 103914[39m
[35m[HTTP][39m [90m[39m
[35m[HTTP][39m [37m-->[39m [37mPOST[39m [37m/wd/hub/session/00f4d3e7-08f7-4346-b7a8-d8331dafdb0d/elements[39m
[35m[HTTP][39m [90m{"using":"xpath","value":"//*[@class = 'android.widget.Button' and (@text = 'รท' or . = 'รท') and @resource-id = 'com.google.android.calculator:id/op_div']"}[39m
[35m[HTTP][39m [37m<-- POST /wd/hub/session/00f4d3e7-08f7-4346-b7a8-d8331dafdb0d/elements [39m[32m200[39m [90m1154 ms - 139[39m
[35m[HTTP][39m [90m[39m
[35m[HTTP][39m [37m-->[39m [37mGET[39m [37m/wd/hub/session/00f4d3e7-08f7-4346-b7a8-d8331dafdb0d/window/rect[39m
[35m[HTTP][39m [90m{}[39m
[35m[HTTP][39m [37m<-- GET /wd/hub/session/00f4d3e7-08f7-4346-b7a8-d8331dafdb0d/window/rect [39m[32m200[39m [90m42 ms - 49[39m
[35m[HTTP][39m [90m[39m
[35m[HTTP][39m [37m-->[39m [37mPOST[39m [37m/wd/hub/session/00f4d3e7-08f7-4346-b7a8-d8331dafdb0d/elements[39m
[35m[HTTP][39m [90m{"using":"xpath","value":"//*[@class = 'android.widget.Button' and (@text = 'รท' or . = 'รท') and @resource-id = 'com.google.android.calculator:id/op_div']"}[39m
[35m[HTTP][39m [37m<-- POST /wd/hub/session/00f4d3e7-08f7-4346-b7a8-d8331dafdb0d/elements [39m[32m200[39m [90m234 ms - 139[39m
[35m[HTTP][39m [90m[39m
[35m[HTTP][39m [37m-->[39m [37mGET[39m [37m/wd/hub/session/00f4d3e7-08f7-4346-b7a8-d8331dafdb0d/element/00000000-0000-022d-ffff-ffff00000058/location[39m
[35m[HTTP][39m [90m{}[39m
[35m[W3C (00f4d3e7)][39m Driver proxy active, passing request on via HTTP proxy
[35m[WD Proxy][39m Replacing sessionId 8552d11f-a34d-4925-b1b3-cdfa12bdf07c with 00f4d3e7-08f7-4346-b7a8-d8331dafdb0d
[35m[HTTP][39m [37m<-- GET /wd/hub/session/00f4d3e7-08f7-4346-b7a8-d8331dafdb0d/element/00000000-0000-022d-ffff-ffff00000058/location [39m[32m200[39m [90m47 ms - 78[39m
[35m[HTTP][39m [90m[39m
[35m[HTTP][39m [37m-->[39m [37mPOST[39m [37m/wd/hub/session/00f4d3e7-08f7-4346-b7a8-d8331dafdb0d/element/00000000-0000-022d-ffff-ffff00000058/click[39m
[35m[HTTP][39m [90m{"id":"00000000-0000-022d-ffff-ffff00000058"}[39m
[35m[HTTP][39m [37m<-- POST /wd/hub/session/00f4d3e7-08f7-4346-b7a8-d8331dafdb0d/element/00000000-0000-022d-ffff-ffff00000058/click [39m[32m200[39m [90m1238 ms - 14[39m
[35m[HTTP][39m [90m[39m
[35m[HTTP][39m [37m-->[39m [37mGET[39m [37m/wd/hub/session/00f4d3e7-08f7-4346-b7a8-d8331dafdb0d/source[39m
[35m[HTTP][39m [90m{}[39m
[35m[W3C (00f4d3e7)][39m Driver proxy active, passing request on via HTTP proxy
[35m[WD Proxy][39m Replacing sessionId 8552d11f-a34d-4925-b1b3-cdfa12bdf07c with 00f4d3e7-08f7-4346-b7a8-d8331dafdb0d
[35m[HTTP][39m [37m<-- GET /wd/hub/session/00f4d3e7-08f7-4346-b7a8-d8331dafdb0d/source [39m[32m200[39m [90m340 ms - 19637[39m
[35m[HTTP][39m [90m[39m
[35m[HTTP][39m [37m-->[39m [37mGET[39m [37m/wd/hub/session/00f4d3e7-08f7-4346-b7a8-d8331dafdb0d/screenshot[39m
[35m[HTTP][39m [90m{}[39m
[35m[HTTP][39m [37m<-- GET /wd/hub/session/00f4d3e7-08f7-4346-b7a8-d8331dafdb0d/screenshot [39m[32m200[39m [90m865 ms - 106154[39m
[35m[HTTP][39m [90m[39m
[35m[HTTP][39m [37m-->[39m [37mPOST[39m [37m/wd/hub/session/00f4d3e7-08f7-4346-b7a8-d8331dafdb0d/elements[39m
[35m[HTTP][39m [90m{"using":"xpath","value":"//*[@class = 'android.widget.Button' and (@text = '2' or . = '2') and @resource-id = 'com.google.android.calculator:id/digit_2']"}[39m
[35m[HTTP][39m [37m<-- POST /wd/hub/session/00f4d3e7-08f7-4346-b7a8-d8331dafdb0d/elements [39m[32m200[39m [90m345 ms - 139[39m
[35m[HTTP][39m [90m[39m
[35m[HTTP][39m [37m-->[39m [37mGET[39m [37m/wd/hub/session/00f4d3e7-08f7-4346-b7a8-d8331dafdb0d/window/rect[39m
[35m[HTTP][39m [90m{}[39m
[35m[HTTP][39m [37m<-- GET /wd/hub/session/00f4d3e7-08f7-4346-b7a8-d8331dafdb0d/window/rect [39m[32m200[39m [90m30 ms - 49[39m
[35m[HTTP][39m [90m[39m
[35m[HTTP][39m [37m-->[39m [37mPOST[39m [37m/wd/hub/session/00f4d3e7-08f7-4346-b7a8-d8331dafdb0d/elements[39m
[35m[HTTP][39m [90m{"using":"xpath","value":"//*[@class = 'android.widget.Button' and (@text = '2' or . = '2') and @resource-id = 'com.google.android.calculator:id/digit_2']"}[39m
[35m[HTTP][39m [37m<-- POST /wd/hub/session/00f4d3e7-08f7-4346-b7a8-d8331dafdb0d/elements [39m[32m200[39m [90m195 ms - 139[39m
[35m[HTTP][39m [90m[39m
[35m[HTTP][39m [37m-->[39m [37mGET[39m [37m/wd/hub/session/00f4d3e7-08f7-4346-b7a8-d8331dafdb0d/element/00000000-0000-022d-ffff-ffff00000062/location[39m
[35m[HTTP][39m [90m{}[39m
[35m[W3C (00f4d3e7)][39m Driver proxy active, passing request on via HTTP proxy
[35m[WD Proxy][39m Replacing sessionId 8552d11f-a34d-4925-b1b3-cdfa12bdf07c with 00f4d3e7-08f7-4346-b7a8-d8331dafdb0d
[35m[HTTP][39m [37m<-- GET /wd/hub/session/00f4d3e7-08f7-4346-b7a8-d8331dafdb0d/element/00000000-0000-022d-ffff-ffff00000062/location [39m[32m200[39m [90m779 ms - 79[39m
[35m[HTTP][39m [90m[39m
[35m[HTTP][39m [37m-->[39m [37mPOST[39m [37m/wd/hub/session/00f4d3e7-08f7-4346-b7a8-d8331dafdb0d/element/00000000-0000-022d-ffff-ffff00000062/click[39m
[35m[HTTP][39m [90m{"id":"00000000-0000-022d-ffff-ffff00000062"}[39m
[35m[HTTP][39m [37m<-- POST /wd/hub/session/00f4d3e7-08f7-4346-b7a8-d8331dafdb0d/element/00000000-0000-022d-ffff-ffff00000062/click [39m[32m200[39m [90m1242 ms - 14[39m
[35m[HTTP][39m [90m[39m
[35m[HTTP][39m [37m-->[39m [37mGET[39m [37m/wd/hub/session/00f4d3e7-08f7-4346-b7a8-d8331dafdb0d/source[39m
[35m[HTTP][39m [90m{}[39m
[35m[W3C (00f4d3e7)][39m Driver proxy active, passing request on via HTTP proxy
[35m[WD Proxy][39m Replacing sessionId 8552d11f-a34d-4925-b1b3-cdfa12bdf07c with 00f4d3e7-08f7-4346-b7a8-d8331dafdb0d
[35m[HTTP][39m [37m<-- GET /wd/hub/session/00f4d3e7-08f7-4346-b7a8-d8331dafdb0d/source [39m[32m200[39m [90m303 ms - 19606[39m
[35m[HTTP][39m [90m[39m
[35m[HTTP][39m [37m-->[39m [37mGET[39m [37m/wd/hub/session/00f4d3e7-08f7-4346-b7a8-d8331dafdb0d/screenshot[39m
[35m[HTTP][39m [90m{}[39m
[35m[HTTP][39m [37m<-- GET /wd/hub/session/00f4d3e7-08f7-4346-b7a8-d8331dafdb0d/screenshot [39m[32m200[39m [90m756 ms - 113778[39m
[35m[HTTP][39m [90m[39m
[35m[HTTP][39m [37m-->[39m [37mPOST[39m [37m/wd/hub/session/00f4d3e7-08f7-4346-b7a8-d8331dafdb0d/elements[39m
[35m[HTTP][39m [90m{"using":"xpath","value":"//*[@class = 'android.widget.Button' and (@text = '=' or . = '=') and @resource-id = 'com.google.android.calculator:id/eq']"}[39m
[35m[HTTP][39m [37m<-- POST /wd/hub/session/00f4d3e7-08f7-4346-b7a8-d8331dafdb0d/elements [39m[32m200[39m [90m657 ms - 139[39m
[35m[HTTP][39m [90m[39m
[35m[HTTP][39m [37m-->[39m [37mGET[39m [37m/wd/hub/session/00f4d3e7-08f7-4346-b7a8-d8331dafdb0d/window/rect[39m
[35m[HTTP][39m [90m{}[39m
[35m[HTTP][39m [37m<-- GET /wd/hub/session/00f4d3e7-08f7-4346-b7a8-d8331dafdb0d/window/rect [39m[32m200[39m [90m31 ms - 49[39m
[35m[HTTP][39m [90m[39m
[35m[HTTP][39m [37m-->[39m [37mPOST[39m [37m/wd/hub/session/00f4d3e7-08f7-4346-b7a8-d8331dafdb0d/elements[39m
[35m[HTTP][39m [90m{"using":"xpath","value":"//*[@class = 'android.widget.Button' and (@text = '=' or . = '=') and @resource-id = 'com.google.android.calculator:id/eq']"}[39m
[35m[HTTP][39m [37m<-- POST /wd/hub/session/00f4d3e7-08f7-4346-b7a8-d8331dafdb0d/elements [39m[32m200[39m [90m176 ms - 139[39m
[35m[HTTP][39m [90m[39m
[35m[HTTP][39m [37m-->[39m [37mGET[39m [37m/wd/hub/session/00f4d3e7-08f7-4346-b7a8-d8331dafdb0d/element/00000000-0000-022d-ffff-ffff00000068/location[39m
[35m[HTTP][39m [90m{}[39m
[35m[W3C (00f4d3e7)][39m Driver proxy active, passing request on via HTTP proxy
[35m[WD Proxy][39m Replacing sessionId 8552d11f-a34d-4925-b1b3-cdfa12bdf07c with 00f4d3e7-08f7-4346-b7a8-d8331dafdb0d
[35m[HTTP][39m [37m<-- GET /wd/hub/session/00f4d3e7-08f7-4346-b7a8-d8331dafdb0d/element/00000000-0000-022d-ffff-ffff00000068/location [39m[32m200[39m [90m36 ms - 79[39m
[35m[HTTP][39m [90m[39m
[35m[HTTP][39m [37m-->[39m [37mPOST[39m [37m/wd/hub/session/00f4d3e7-08f7-4346-b7a8-d8331dafdb0d/element/00000000-0000-022d-ffff-ffff00000068/click[39m
[35m[HTTP][39m [90m{"id":"00000000-0000-022d-ffff-ffff00000068"}[39m
[35m[HTTP][39m [37m<-- POST /wd/hub/session/00f4d3e7-08f7-4346-b7a8-d8331dafdb0d/element/00000000-0000-022d-ffff-ffff00000068/click [39m[32m200[39m [90m986 ms - 14[39m
[35m[HTTP][39m [90m[39m
[35m[HTTP][39m [37m-->[39m [37mGET[39m [37m/wd/hub/session/00f4d3e7-08f7-4346-b7a8-d8331dafdb0d/source[39m
[35m[HTTP][39m [90m{}[39m
[35m[W3C (00f4d3e7)][39m Driver proxy active, passing request on via HTTP proxy
[35m[WD Proxy][39m Replacing sessionId 8552d11f-a34d-4925-b1b3-cdfa12bdf07c with 00f4d3e7-08f7-4346-b7a8-d8331dafdb0d
[35m[HTTP][39m [37m<-- GET /wd/hub/session/00f4d3e7-08f7-4346-b7a8-d8331dafdb0d/source [39m[32m200[39m [90m222 ms - 18564[39m
[35m[HTTP][39m [90m[39m
[35m[HTTP][39m [37m-->[39m [37mGET[39m [37m/wd/hub/session/00f4d3e7-08f7-4346-b7a8-d8331dafdb0d/screenshot[39m
[35m[HTTP][39m [90m{}[39m
[35m[HTTP][39m [37m<-- GET /wd/hub/session/00f4d3e7-08f7-4346-b7a8-d8331dafdb0d/screenshot [39m[32m200[39m [90m825 ms - 103408[39m
[35m[HTTP][39m [90m[39m
[35m[HTTP][39m [37m-->[39m [37mPOST[39m [37m/wd/hub/session/00f4d3e7-08f7-4346-b7a8-d8331dafdb0d/elements[39m
[35m[HTTP][39m [90m{"using":"xpath","value":"//*[@class = 'android.widget.Button' and (@text = 'AC' or . = 'AC') and @resource-id = 'com.google.android.calculator:id/clr']"}[39m
[35m[HTTP][39m [37m<-- POST /wd/hub/session/00f4d3e7-08f7-4346-b7a8-d8331dafdb0d/elements [39m[32m200[39m [90m271 ms - 139[39m
[35m[HTTP][39m [90m[39m
[35m[HTTP][39m [37m-->[39m [37mGET[39m [37m/wd/hub/session/00f4d3e7-08f7-4346-b7a8-d8331dafdb0d/window/rect[39m
[35m[HTTP][39m [90m{}[39m
[35m[HTTP][39m [37m<-- GET /wd/hub/session/00f4d3e7-08f7-4346-b7a8-d8331dafdb0d/window/rect [39m[32m200[39m [90m40 ms - 49[39m
[35m[HTTP][39m [90m[39m
[35m[HTTP][39m [37m-->[39m [37mPOST[39m [37m/wd/hub/session/00f4d3e7-08f7-4346-b7a8-d8331dafdb0d/elements[39m
[35m[HTTP][39m [90m{"using":"xpath","value":"//*[@class = 'android.widget.Button' and (@text = 'AC' or . = 'AC') and @resource-id = 'com.google.android.calculator:id/clr']"}[39m
[35m[HTTP][39m [37m<-- POST /wd/hub/session/00f4d3e7-08f7-4346-b7a8-d8331dafdb0d/elements [39m[32m200[39m [90m329 ms - 139[39m
[35m[HTTP][39m [90m[39m
[35m[HTTP][39m [37m-->[39m [37mGET[39m [37m/wd/hub/session/00f4d3e7-08f7-4346-b7a8-d8331dafdb0d/element/00000000-0000-022d-ffff-ffff00000055/location[39m
[35m[HTTP][39m [90m{}[39m
[35m[W3C (00f4d3e7)][39m Driver proxy active, passing request on via HTTP proxy
[35m[WD Proxy][39m Replacing sessionId 8552d11f-a34d-4925-b1b3-cdfa12bdf07c with 00f4d3e7-08f7-4346-b7a8-d8331dafdb0d
[35m[HTTP][39m [37m<-- GET /wd/hub/session/00f4d3e7-08f7-4346-b7a8-d8331dafdb0d/element/00000000-0000-022d-ffff-ffff00000055/location [39m[32m200[39m [90m51 ms - 77[39m
[35m[HTTP][39m [90m[39m
[35m[HTTP][39m [37m-->[39m [37mPOST[39m [37m/wd/hub/session/00f4d3e7-08f7-4346-b7a8-d8331dafdb0d/element/00000000-0000-022d-ffff-ffff00000055/click[39m
[35m[HTTP][39m [90m{"id":"00000000-0000-022d-ffff-ffff00000055"}[39m
[35m[HTTP][39m [37m<-- POST /wd/hub/session/00f4d3e7-08f7-4346-b7a8-d8331dafdb0d/element/00000000-0000-022d-ffff-ffff00000055/click [39m[32m200[39m [90m715 ms - 14[39m
[35m[HTTP][39m [90m[39m
[35m[HTTP][39m [37m-->[39m [37mGET[39m [37m/wd/hub/session/00f4d3e7-08f7-4346-b7a8-d8331dafdb0d/source[39m
[35m[HTTP][39m [90m{}[39m
[35m[W3C (00f4d3e7)][39m Driver proxy active, passing request on via HTTP proxy
[35m[WD Proxy][39m Replacing sessionId 8552d11f-a34d-4925-b1b3-cdfa12bdf07c with 00f4d3e7-08f7-4346-b7a8-d8331dafdb0d
[35m[HTTP][39m [37m<-- GET /wd/hub/session/00f4d3e7-08f7-4346-b7a8-d8331dafdb0d/source [39m[32m200[39m [90m541 ms - 19668[39m
[35m[HTTP][39m [90m[39m
[35m[HTTP][39m [37m-->[39m [37mGET[39m [37m/wd/hub/session/00f4d3e7-08f7-4346-b7a8-d8331dafdb0d/screenshot[39m
[35m[HTTP][39m [90m{}[39m
[35m[HTTP][39m [37m<-- GET /wd/hub/session/00f4d3e7-08f7-4346-b7a8-d8331dafdb0d/screenshot [39m[32m200[39m [90m899 ms - 95178[39m
[35m[HTTP][39m [90m[39m
[35m[HTTP][39m [37m-->[39m [37mDELETE[39m [37m/wd/hub/session/00f4d3e7-08f7-4346-b7a8-d8331dafdb0d[39m
[35m[HTTP][39m [90m{}[39m
[35m[Appium][39m Removing session 00f4d3e7-08f7-4346-b7a8-d8331dafdb0d from our master session list
[35m[UiAutomator2][39m Restoring hidden api policy to the device default configuration
[35m[HTTP][39m [37m<-- DELETE /wd/hub/session/00f4d3e7-08f7-4346-b7a8-d8331dafdb0d [39m[32m200[39m [90m575 ms - 14[39m
[35m[HTTP][39m [90m[39m
